[2025-06-18T21:47:36.188Z] Bot started as MATSHUKA#4558
[2025-06-18T22:06:36.875Z] Bot shutting down
[2025-06-18T22:06:39.629Z] Bot started as MATSHUKA#4558
[2025-06-18T22:09:02.488Z] Bot shutting down
[2025-06-18T22:09:13.846Z] Bot started as MATSHUKA#4558
[2025-06-18T22:28:17.385Z] Bot shutting down
[2025-06-18T22:28:42.217Z] Bot started as MATSHUKA#4558
[2025-06-19T10:51:41.070Z] Bot started as MATSHUKA#4558
[2025-06-19T11:04:05.379Z] Bot shutting down
[2025-06-19T11:42:04.512Z] Bot started as MATSHUKA#4558
[2025-06-19T12:25:06.136Z] Bot started as MATSHUKA#4558
[2025-06-19T12:35:20.232Z] Bot started as MATSHUKA#4558
[2025-06-19T12:45:33.733Z] Bot shutting down
[2025-06-19T12:45:36.568Z] Bot started as MATSHUKA#4558
[2025-06-19T12:48:08.966Z] Bot shutting down
[2025-06-19T12:48:11.682Z] Bot started as MATSHUKA#4558
[2025-06-19T13:01:25.343Z] Bot started as MATSHUKA#4558
[2025-06-19T13:15:31.844Z] Bot shutting down
[2025-06-19T13:16:19.863Z] Bot started as MATSHUKA#4558
[2025-06-19T13:20:55.626Z] Bot shutting down
[2025-06-19T13:20:58.849Z] Bot started as MATSHUKA#4558
[2025-06-19T13:24:06.288Z] Bot shutting down
[2025-06-19T13:24:09.627Z] Bot started as MATSHUKA#4558
[2025-06-19T13:25:23.778Z] Error executing command admin: EmbedBuilder is not defined
[2025-06-19T13:25:52.150Z] Error executing command admin: EmbedBuilder is not defined
[2025-06-19T13:29:52.157Z] Bot shutting down
[2025-06-19T13:29:55.186Z] Bot started as MATSHUKA#4558
[2025-06-19T13:30:21.609Z] Error executing command shopadd: Cannot read properties of undefined (reading 'run')
[2025-06-19T13:30:55.449Z] Error executing command addcash: Cannot read properties of undefined (reading 'get')
[2025-06-19T13:31:33.699Z] Error executing command setliveleaderboard: Cannot read properties of undefined (reading 'run')
[2025-06-19T13:38:42.635Z] Bot shutting down
[2025-06-19T13:39:44.281Z] Bot started as MATSHUKA#4558
[2025-06-19T13:42:48.018Z] Bot shutting down
[2025-06-19T13:42:50.818Z] Bot started as MATSHUKA#4558
[2025-06-19T13:43:56.763Z] Error executing command shopadd: Cannot read properties of undefined (reading 'run')
[2025-06-19T13:45:06.795Z] Error executing command shopadd: Cannot read properties of undefined (reading 'run')
[2025-06-19T13:53:34.404Z] Bot shutting down
[2025-06-19T13:53:37.532Z] Bot started as MATSHUKA#4558
[2025-06-19T13:55:21.049Z] Bot started as MATSHUKA#4558
[2025-06-19T14:00:02.543Z] Bot shutting down
[2025-06-19T14:00:05.590Z] Bot started as MATSHUKA#4558
[2025-06-19T14:00:41.726Z] Error executing command shopadd: Cannot read properties of undefined (reading 'run')
[2025-06-19T14:07:04.659Z] Bot shutting down
[2025-06-19T14:07:07.398Z] Bot started as MATSHUKA#4558
[2025-06-19T14:23:05.481Z] Bot shutting down
[2025-06-19T14:23:08.852Z] Bot started as MATSHUKA#4558
[2025-06-19T14:25:45.879Z] Bot started as MATSHUKA#4558
[2025-06-19T16:02:25.941Z] Bot started as MATSHUKA#4558
[2025-06-19T16:03:54.657Z] Bot shutting down
[2025-06-19T16:03:57.720Z] Bot started as MATSHUKA#4558
[2025-06-19T16:14:10.060Z] Bot shutting down
[2025-06-19T16:14:12.587Z] Bot started as MATSHUKA#4558
[2025-06-19T16:16:34.107Z] Bot started as MATSHUKA#4558
[2025-06-19T16:46:25.164Z] Bot shutting down
[2025-06-19T16:46:28.279Z] Bot started as MATSHUKA#4558
[2025-06-19T16:52:03.404Z] Bot shutting down
[2025-06-19T16:52:06.211Z] Bot started as MATSHUKA#4558
[2025-06-19T16:55:49.285Z] Bot shutting down
[2025-06-19T16:55:52.513Z] Bot started as MATSHUKA#4558
[2025-06-19T16:56:00.692Z] Bot shutting down
[2025-06-19T16:56:06.699Z] Bot started as MATSHUKA#4558
[2025-06-19T16:58:58.135Z] Bot shutting down
[2025-06-19T16:59:00.866Z] Bot started as MATSHUKA#4558
[2025-06-19T17:02:36.263Z] Bot shutting down
[2025-06-19T17:02:39.507Z] Bot started as MATSHUKA#4558
[2025-06-19T17:09:22.593Z] Bot shutting down
[2025-06-19T17:09:25.530Z] Bot started as MATSHUKA#4558
[2025-06-19T17:16:51.010Z] Bot shutting down
[2025-06-19T17:16:53.682Z] Bot started as MATSHUKA#4558
[2025-06-19T17:21:37.039Z] Bot shutting down
[2025-06-19T17:21:39.472Z] Bot started as MATSHUKA#4558
[2025-06-19T17:30:35.094Z] Bot shutting down
[2025-06-19T17:30:38.089Z] Bot started as MATSHUKA#4558
[2025-06-19T17:33:19.868Z] Bot started as MATSHUKA#4558
[2025-06-19T17:33:31.859Z] Bot started as MATSHUKA#4558
[2025-06-19T17:34:40.532Z] Bot started as MATSHUKA#4558
[2025-06-19T17:41:16.520Z] Bot started as MATSHUKA#4558
[2025-06-19T17:55:00.327Z] Bot shutting down
[2025-06-19T17:55:03.316Z] Bot started as MATSHUKA#4558
